<?xml version="1.0" encoding="UTF-8"?>
<testng-results skipped="0" failed="1" ignored="2" total="7" passed="4">
  <reporter-output>
  </reporter-output>
  <suite name="Trello" duration-ms="26838" started-at="2019-07-16T13:19:47Z" finished-at="2019-07-16T13:20:14Z">
    <groups>
    </groups>
    <test name="Login" duration-ms="26838" started-at="2019-07-16T13:19:47Z" finished-at="2019-07-16T13:20:14Z">
      <class name="regression.LoginTest">
        <test-method status="PASS" signature="setUp()[pri:0, instance:regression.LoginTest@3b4ef7]" name="setUp" is-config="true" duration-ms="5177" started-at="2019-07-16T13:19:47Z" finished-at="2019-07-16T13:19:52Z">
          <reporter-output>
          </reporter-output>
        </test-method> <!-- setUp -->
        <test-method status="PASS" signature="prepareData()[pri:0, instance:regression.CardActions@d4ab71a]" name="prepareData" is-config="true" duration-ms="852" started-at="2019-07-16T13:19:52Z" depends-on-methods="com.trello.ui.core.BrowserFactory.setUp" finished-at="2019-07-16T13:19:53Z">
          <reporter-output>
          </reporter-output>
        </test-method> <!-- prepareData -->
        <test-method status="PASS" signature="login()[pri:0, instance:regression.LoginTest@3b4ef7]" name="login" duration-ms="12846" started-at="2019-07-16T13:19:53Z" finished-at="2019-07-16T13:20:06Z">
          <reporter-output>
          </reporter-output>
        </test-method> <!-- login -->
      </class> <!-- regression.LoginTest -->
      <class name="regression.CardActions">
        <test-method status="PASS" signature="login()[pri:0, instance:regression.CardActions@d4ab71a]" name="login" duration-ms="4607" started-at="2019-07-16T13:20:06Z" finished-at="2019-07-16T13:20:11Z">
          <reporter-output>
          </reporter-output>
        </test-method> <!-- login -->
        <test-method status="PASS" signature="moveCard()[pri:0, instance:regression.CardActions@d4ab71a]" name="moveCard" duration-ms="2" started-at="2019-07-16T13:20:11Z" finished-at="2019-07-16T13:20:11Z">
          <reporter-output>
          </reporter-output>
        </test-method> <!-- moveCard -->
        <test-method status="FAIL" signature="openCard()[pri:0, instance:regression.CardActions@d4ab71a]" name="openCard" duration-ms="2003" started-at="2019-07-16T13:20:11Z" finished-at="2019-07-16T13:20:13Z">
          <exception class="java.lang.AssertionError">
            <message>
              <![CDATA[expected [2] but found [1]]]>
            </message>
            <full-stacktrace>
              <![CDATA[java.lang.AssertionError: expected [2] but found [1]
at org.testng.Assert.fail(Assert.java:96)
at org.testng.Assert.failNotEquals(Assert.java:776)
at org.testng.Assert.assertEqualsImpl(Assert.java:137)
at org.testng.Assert.assertEquals(Assert.java:118)
at org.testng.Assert.assertEquals(Assert.java:453)
at org.testng.Assert.assertEquals(Assert.java:463)
at regression.CardActions.openCard(CardActions.java:63)
at sun.reflect.NativeMethodAccessorImpl.invoke0(Native Method)
at sun.reflect.NativeMethodAccessorImpl.invoke(NativeMethodAccessorImpl.java:62)
at sun.reflect.DelegatingMethodAccessorImpl.invoke(DelegatingMethodAccessorImpl.java:43)
at java.lang.reflect.Method.invoke(Method.java:498)
at org.testng.internal.MethodInvocationHelper.invokeMethod(MethodInvocationHelper.java:124)
at org.testng.internal.Invoker.invokeMethod(Invoker.java:583)
at org.testng.internal.Invoker.invokeTestMethod(Invoker.java:719)
at org.testng.internal.Invoker.invokeTestMethods(Invoker.java:989)
at org.testng.internal.TestMethodWorker.invokeTestMethods(TestMethodWorker.java:125)
at org.testng.internal.TestMethodWorker.run(TestMethodWorker.java:109)
at org.testng.TestRunner.privateRun(TestRunner.java:648)
at org.testng.TestRunner.run(TestRunner.java:505)
at org.testng.SuiteRunner.runTest(SuiteRunner.java:455)
at org.testng.SuiteRunner.runSequentially(SuiteRunner.java:450)
at org.testng.SuiteRunner.privateRun(SuiteRunner.java:415)
at org.testng.SuiteRunner.run(SuiteRunner.java:364)
at org.testng.SuiteRunnerWorker.runSuite(SuiteRunnerWorker.java:52)
at org.testng.SuiteRunnerWorker.run(SuiteRunnerWorker.java:84)
at org.testng.TestNG.runSuitesSequentially(TestNG.java:1208)
at org.testng.TestNG.runSuitesLocally(TestNG.java:1137)
at org.testng.TestNG.runSuites(TestNG.java:1049)
at org.testng.TestNG.run(TestNG.java:1017)
at org.apache.maven.surefire.testng.TestNGExecutor.run(TestNGExecutor.java:295)
at org.apache.maven.surefire.testng.TestNGXmlTestSuite.execute(TestNGXmlTestSuite.java:84)
at org.apache.maven.surefire.testng.TestNGProvider.invoke(TestNGProvider.java:90)
at org.apache.maven.surefire.booter.ForkedBooter.invokeProviderInSameClassLoader(ForkedBooter.java:203)
at org.apache.maven.surefire.booter.ForkedBooter.runSuitesInProcess(ForkedBooter.java:155)
at org.apache.maven.surefire.booter.ForkedBooter.main(ForkedBooter.java:103)
]]>
            </full-stacktrace>
          </exception> <!-- java.lang.AssertionError -->
          <reporter-output>
          </reporter-output>
        </test-method> <!-- openCard -->
        <test-method status="PASS" signature="renameCard()[pri:0, instance:regression.CardActions@d4ab71a]" name="renameCard" duration-ms="59" started-at="2019-07-16T13:20:13Z" finished-at="2019-07-16T13:20:13Z">
          <reporter-output>
          </reporter-output>
        </test-method> <!-- renameCard -->
        <test-method status="PASS" signature="clearData()[pri:0, instance:regression.CardActions@d4ab71a]" name="clearData" is-config="true" duration-ms="713" started-at="2019-07-16T13:20:13Z" finished-at="2019-07-16T13:20:14Z">
          <reporter-output>
          </reporter-output>
        </test-method> <!-- clearData -->
        <test-method status="PASS" signature="tearDown()[pri:0, instance:regression.LoginTest@3b4ef7]" name="tearDown" is-config="true" duration-ms="216" started-at="2019-07-16T13:20:14Z" depends-on-methods="regression.CardActions.clearData" finished-at="2019-07-16T13:20:14Z">
          <reporter-output>
          </reporter-output>
        </test-method> <!-- tearDown -->
      </class> <!-- regression.CardActions -->
    </test> <!-- Login -->
  </suite> <!-- Trello -->
</testng-results>
